<?xml version="1.0" encoding="UTF-8"?>
<testsuite xmlns:xsi="http://www.w3.org/2001/XMLSchema-instance" xsi:noNamespaceSchemaLocation="https://maven.apache.org/surefire/maven-surefire-plugin/xsd/surefire-test-report-3.0.xsd" version="3.0" name="test.demo.gui.DmReadThreadTest" time="11.247" tests="1" errors="0" skipped="0" failures="0">
  <properties>
[...]
</properties>
  <testcase name="deveExecutarLeituraContinuaEmThread" classname="test.demo.gui.DmReadThreadTest" time="11.211">
    <system-out><![CDATA[READ DM 0 = 100
READ DM 1 = 0
READ DM 2 = 0
READ DM 3 = 0
READ DM 4 = 0
READ DM 5 = 0
READ DM 6 = 0
READ DM 7 = 0
READ DM 8 = 0
READ DM 9 = 0
READ DM 10 = 2
READ DM 11 = 0
READ DM 12 = 0
READ DM 13 = 0
READ DM 14 = 0
READ DM 15 = 0
READ DM 16 = 0
READ DM 17 = 256
READ DM 18 = 8192
READ DM 19 = 16
READ DM 20 = 0
READ DM 21 = 0
Erro run java.lang.InterruptedException: sleep interrupted
]]></system-out>
    <system-err><![CDATA[mar. 22, 2026 12:45:21 AM org.ctrl.comm.serial.SerialPortHandlerImp initialize
INFORMAÇÕES: Serial Communication Handler initialized
mar. 22, 2026 12:45:21 AM org.ctrl.comm.serial.SerialPortHandlerImp start
INFORMAÇÕES: Serial Comunication Handler Started
mar. 22, 2026 12:45:21 AM org.ctrl.comm.serial.SerialPortHandlerImp run
INFORMAÇÕES: Serial Communication Handler thread run
mar. 22, 2026 12:45:31 AM org.ctrl.comm.serial.SerialPortHandlerImp run
INFORMAÇÕES: Serial Communication Handler thread stopped
mar. 22, 2026 12:45:31 AM org.ctrl.comm.serial.SerialPortHandlerImp stop
INFORMAÇÕES: Serial Communication Handler stopped
]]></system-err>
  </testcase>
</testsuite>